
> dotcom@0.1.0 build
> next build

  ▲ Next.js 14.2.31
  - Experiments (use with caution):
    · turbo

   Creating an optimized production build ...
 ✓ Compiled successfully
   Linting and checking validity of types ...
   Collecting page data ...
   Generating static pages (0/5) ...
   Generating static pages (1/5) 
   Generating static pages (2/5) 
   Generating static pages (3/5) 
 ✓ Generating static pages (5/5)
   Finalizing page optimization ...
   Collecting build traces ...

Route (app)                              Size     First Load JS
┌ ○ /                                    5.34 kB        92.4 kB
└ ○ /_not-found                          873 B          87.9 kB
+ First Load JS shared by all            87.1 kB
  ├ chunks/1dd3208c-82be33c4361f6614.js  53.6 kB
  ├ chunks/528-a8bddf2e50d1641a.js       31.6 kB
  └ other shared chunks (total)          1.86 kB


○  (Static)  prerendered as static content

